<?xml version="1.0" encoding="UTF-8"?>
<coverage generated="1747626311719" clover="3.2.0">
  <project timestamp="1747626311719" name="All files">
    <metrics statements="22" coveredstatements="19" conditionals="26" coveredconditionals="22" methods="5" coveredmethods="4" elements="53" coveredelements="45" complexity="0" loc="22" ncloc="22" packages="1" files="1" classes="1"/>
    <file name="HrAssistant.jsx" path="C:\Users\rahul\OneDrive\Documents\GitHub\Personal-LLM-Projects\hr-assistant\src\HrAssistant.jsx">
      <metrics statements="22" coveredstatements="19" conditionals="26" coveredconditionals="22" methods="5" coveredmethods="4"/>
      <line num="19" count="1" type="stmt"/>
      <line num="21" count="1" type="stmt"/>
      <line num="22" count="26" type="stmt"/>
      <line num="23" count="26" type="stmt"/>
      <line num="24" count="26" type="stmt"/>
      <line num="26" count="26" type="stmt"/>
      <line num="27" count="6" type="cond" truecount="1" falsecount="1"/>
      <line num="28" count="6" type="stmt"/>
      <line num="29" count="6" type="stmt"/>
      <line num="30" count="6" type="stmt"/>
      <line num="31" count="6" type="stmt"/>
      <line num="33" count="6" type="stmt"/>
      <line num="58" count="4" type="stmt"/>
      <line num="59" count="4" type="cond" truecount="1" falsecount="1"/>
      <line num="60" count="4" type="stmt"/>
      <line num="61" count="4" type="stmt"/>
      <line num="64" count="26" type="stmt"/>
      <line num="121" count="10" type="stmt"/>
      <line num="199" count="8" type="stmt"/>
      <line num="201" count="0" type="cond" truecount="0" falsecount="2"/>
      <line num="202" count="0" type="stmt"/>
      <line num="203" count="0" type="stmt"/>
    </file>
  </project>
</coverage>
