{"C:\\Users\\rahul\\OneDrive\\Documents\\GitHub\\Personal-LLM-Projects\\hr-assistant\\src\\HrAssistant.jsx": {"path":"C:\\Users\\rahul\\OneDrive\\Documents\\GitHub\\Personal-LLM-Projects\\hr-assistant\\src\\HrAssistant.jsx","statementMap":{"0":{"start":{"line":19,"column":23},"end":{"line":19,"column":42}},"1":{"start":{"line":21,"column":20},"end":{"line":228,"column":1}},"2":{"start":{"line":22,"column":28},"end":{"line":22,"column":40}},"3":{"start":{"line":23,"column":34},"end":{"line":23,"column":46}},"4":{"start":{"line":24,"column":32},"end":{"line":24,"column":47}},"5":{"start":{"line":26,"column":21},"end":{"line":62,"column":3}},"6":{"start":{"line":27,"column":4},"end":{"line":27,"column":30}},"7":{"start":{"line":27,"column":23},"end":{"line":27,"column":30}},"8":{"start":{"line":28,"column":24},"end":{"line":28,"column":71}},"9":{"start":{"line":29,"column":4},"end":{"line":29,"column":29}},"10":{"start":{"line":30,"column":4},"end":{"line":30,"column":17}},"11":{"start":{"line":31,"column":4},"end":{"line":31,"column":21}},"12":{"start":{"line":33,"column":16},"end":{"line":56,"column":6}},"13":{"start":{"line":58,"column":17},"end":{"line":58,"column":33}},"14":{"start":{"line":59,"column":18},"end":{"line":59,"column":71}},"15":{"start":{"line":60,"column":4},"end":{"line":60,"column":73}},"16":{"start":{"line":61,"column":4},"end":{"line":61,"column":22}},"17":{"start":{"line":64,"column":2},"end":{"line":227,"column":4}},"18":{"start":{"line":121,"column":18},"end":{"line":171,"column":26}},"19":{"start":{"line":199,"column":33},"end":{"line":199,"column":57}},"20":{"start":{"line":201,"column":18},"end":{"line":204,"column":19}},"21":{"start":{"line":202,"column":20},"end":{"line":202,"column":39}},"22":{"start":{"line":203,"column":20},"end":{"line":203,"column":33}}},"fnMap":{"0":{"name":"(anonymous_0)","decl":{"start":{"line":21,"column":20},"end":{"line":21,"column":21}},"loc":{"start":{"line":21,"column":26},"end":{"line":228,"column":1}},"line":21},"1":{"name":"(anonymous_1)","decl":{"start":{"line":26,"column":21},"end":{"line":26,"column":22}},"loc":{"start":{"line":26,"column":33},"end":{"line":62,"column":3}},"line":26},"2":{"name":"(anonymous_2)","decl":{"start":{"line":120,"column":29},"end":{"line":120,"column":30}},"loc":{"start":{"line":121,"column":18},"end":{"line":171,"column":26}},"line":121},"3":{"name":"(anonymous_3)","decl":{"start":{"line":199,"column":26},"end":{"line":199,"column":27}},"loc":{"start":{"line":199,"column":33},"end":{"line":199,"column":57}},"line":199},"4":{"name":"(anonymous_4)","decl":{"start":{"line":200,"column":28},"end":{"line":200,"column":29}},"loc":{"start":{"line":200,"column":35},"end":{"line":205,"column":17}},"line":200}},"branchMap":{"0":{"loc":{"start":{"line":27,"column":4},"end":{"line":27,"column":30}},"type":"if","locations":[{"start":{"line":27,"column":4},"end":{"line":27,"column":30}},{"start":{},"end":{}}],"line":27},"1":{"loc":{"start":{"line":59,"column":18},"end":{"line":59,"column":71}},"type":"binary-expr","locations":[{"start":{"line":59,"column":18},"end":{"line":59,"column":53}},{"start":{"line":59,"column":57},"end":{"line":59,"column":71}}],"line":59},"2":{"loc":{"start":{"line":111,"column":15},"end":{"line":173,"column":15}},"type":"cond-expr","locations":[{"start":{"line":112,"column":16},"end":{"line":118,"column":29}},{"start":{"line":120,"column":16},"end":{"line":172,"column":18}}],"line":111},"3":{"loc":{"start":{"line":123,"column":31},"end":{"line":123,"column":69}},"type":"cond-expr","locations":[{"start":{"line":123,"column":53},"end":{"line":123,"column":59}},{"start":{"line":123,"column":62},"end":{"line":123,"column":69}}],"line":123},"4":{"loc":{"start":{"line":130,"column":24},"end":{"line":130,"column":71}},"type":"cond-expr","locations":[{"start":{"line":130,"column":46},"end":{"line":130,"column":56}},{"start":{"line":130,"column":59},"end":{"line":130,"column":71}}],"line":130},"5":{"loc":{"start":{"line":138,"column":26},"end":{"line":138,"column":69}},"type":"cond-expr","locations":[{"start":{"line":138,"column":48},"end":{"line":138,"column":61}},{"start":{"line":138,"column":64},"end":{"line":138,"column":69}}],"line":138},"6":{"loc":{"start":{"line":143,"column":37},"end":{"line":143,"column":77}},"type":"cond-expr","locations":[{"start":{"line":143,"column":59},"end":{"line":143,"column":68}},{"start":{"line":143,"column":71},"end":{"line":143,"column":77}}],"line":143},"7":{"loc":{"start":{"line":146,"column":27},"end":{"line":150,"column":27}},"type":"cond-expr","locations":[{"start":{"line":147,"column":28},"end":{"line":147,"column":59}},{"start":{"line":149,"column":28},"end":{"line":149,"column":61}}],"line":146},"8":{"loc":{"start":{"line":158,"column":30},"end":{"line":158,"column":73}},"type":"cond-expr","locations":[{"start":{"line":158,"column":52},"end":{"line":158,"column":61}},{"start":{"line":158,"column":64},"end":{"line":158,"column":73}}],"line":158},"9":{"loc":{"start":{"line":159,"column":35},"end":{"line":159,"column":72}},"type":"cond-expr","locations":[{"start":{"line":159,"column":57},"end":{"line":159,"column":63}},{"start":{"line":159,"column":66},"end":{"line":159,"column":72}}],"line":159},"10":{"loc":{"start":{"line":161,"column":30},"end":{"line":163,"column":62}},"type":"cond-expr","locations":[{"start":{"line":162,"column":34},"end":{"line":162,"column":69}},{"start":{"line":163,"column":34},"end":{"line":163,"column":62}}],"line":161},"11":{"loc":{"start":{"line":174,"column":15},"end":{"line":191,"column":15}},"type":"binary-expr","locations":[{"start":{"line":174,"column":15},"end":{"line":174,"column":22}},{"start":{"line":175,"column":16},"end":{"line":190,"column":22}}],"line":174},"12":{"loc":{"start":{"line":201,"column":18},"end":{"line":204,"column":19}},"type":"if","locations":[{"start":{"line":201,"column":18},"end":{"line":204,"column":19}},{"start":{},"end":{}}],"line":201}},"s":{"0":1,"1":1,"2":26,"3":26,"4":26,"5":26,"6":6,"7":0,"8":6,"9":6,"10":6,"11":6,"12":6,"13":4,"14":4,"15":4,"16":4,"17":26,"18":10,"19":8,"20":0,"21":0,"22":0},"f":{"0":26,"1":6,"2":10,"3":8,"4":0},"b":{"0":[0,6],"1":[4,0],"2":[18,8],"3":[8,2],"4":[8,2],"5":[8,2],"6":[8,2],"7":[8,2],"8":[8,2],"9":[8,2],"10":[8,2],"11":[26,6],"12":[0,0]},"_coverageSchema":"1a1c01bbd47fc00a2c39e90264f33305004495a9","hash":"0b9495f28248bd581d4add55afa12b9a0ef5428c"}
}
