TN:
SF:HrAssistant.jsx
FN:21,(anonymous_0)
FN:26,(anonymous_1)
FN:120,(anonymous_2)
FN:199,(anonymous_3)
FN:200,(anonymous_4)
FNF:5
FNH:4
FNDA:26,(anonymous_0)
FNDA:6,(anonymous_1)
FNDA:10,(anonymous_2)
FNDA:8,(anonymous_3)
FNDA:0,(anonymous_4)
DA:19,1
DA:21,1
DA:22,26
DA:23,26
DA:24,26
DA:26,26
DA:27,6
DA:28,6
DA:29,6
DA:30,6
DA:31,6
DA:33,6
DA:58,4
DA:59,4
DA:60,4
DA:61,4
DA:64,26
DA:121,10
DA:199,8
DA:201,0
DA:202,0
DA:203,0
LF:22
LH:19
BRDA:27,0,0,0
BRDA:27,0,1,6
BRDA:59,1,0,4
BRDA:59,1,1,0
BRDA:111,2,0,18
BRDA:111,2,1,8
BRDA:123,3,0,8
BRDA:123,3,1,2
BRDA:130,4,0,8
BRDA:130,4,1,2
BRDA:138,5,0,8
BRDA:138,5,1,2
BRDA:143,6,0,8
BRDA:143,6,1,2
BRDA:146,7,0,8
BRDA:146,7,1,2
BRDA:158,8,0,8
BRDA:158,8,1,2
BRDA:159,9,0,8
BRDA:159,9,1,2
BRDA:161,10,0,8
BRDA:161,10,1,2
BRDA:174,11,0,26
BRDA:174,11,1,6
BRDA:201,12,0,0
BRDA:201,12,1,0
BRF:26
BRH:22
end_of_record
